Determining if the function sgemm_ exists failed with the following output:
Change Dir: /jet/home/cstiver/hw1/csci4110/hw1/build/CMakeFiles/CMakeTmp

Run Build Command(s):/usr/bin/gmake -f Makefile cmTC_2765c/fast && /usr/bin/gmake  -f CMakeFiles/cmTC_2765c.dir/build.make CMakeFiles/cmTC_2765c.dir/build
gmake[1]: Entering directory '/jet/home/cstiver/hw1/csci4110/hw1/build/CMakeFiles/CMakeTmp'
Building C object CMakeFiles/cmTC_2765c.dir/CheckFunctionExists.c.o
/usr/bin/cc   -DCHECK_FUNCTION_EXISTS=sgemm_ -o CMakeFiles/cmTC_2765c.dir/CheckFunctionExists.c.o -c /usr/share/cmake/Modules/CheckFunctionExists.c
Linking C executable cmTC_2765c
/usr/bin/cmake -E cmake_link_script CMakeFiles/cmTC_2765c.dir/link.txt --verbose=1
/usr/bin/cc  -DCHECK_FUNCTION_EXISTS=sgemm_ CMakeFiles/cmTC_2765c.dir/CheckFunctionExists.c.o -o cmTC_2765c 
CMakeFiles/cmTC_2765c.dir/CheckFunctionExists.c.o: In function `main':
CheckFunctionExists.c:(.text+0x10): undefined reference to `sgemm_'
collect2: error: ld returned 1 exit status
gmake[1]: *** [CMakeFiles/cmTC_2765c.dir/build.make:99: cmTC_2765c] Error 1
gmake[1]: Leaving directory '/jet/home/cstiver/hw1/csci4110/hw1/build/CMakeFiles/CMakeTmp'
gmake: *** [Makefile:127: cmTC_2765c/fast] Error 2



Performing C SOURCE FILE Test CMAKE_HAVE_LIBC_PTHREAD failed with the following output:
Change Dir: /jet/home/cstiver/hw1/csci4110/hw1/build/CMakeFiles/CMakeTmp

Run Build Command(s):/usr/bin/gmake -f Makefile cmTC_26f1e/fast && /usr/bin/gmake  -f CMakeFiles/cmTC_26f1e.dir/build.make CMakeFiles/cmTC_26f1e.dir/build
gmake[1]: Entering directory '/jet/home/cstiver/hw1/csci4110/hw1/build/CMakeFiles/CMakeTmp'
Building C object CMakeFiles/cmTC_26f1e.dir/src.c.o
/usr/bin/cc -DCMAKE_HAVE_LIBC_PTHREAD   -o CMakeFiles/cmTC_26f1e.dir/src.c.o -c /jet/home/cstiver/hw1/csci4110/hw1/build/CMakeFiles/CMakeTmp/src.c
Linking C executable cmTC_26f1e
/usr/bin/cmake -E cmake_link_script CMakeFiles/cmTC_26f1e.dir/link.txt --verbose=1
/usr/bin/cc CMakeFiles/cmTC_26f1e.dir/src.c.o -o cmTC_26f1e 
CMakeFiles/cmTC_26f1e.dir/src.c.o: In function `main':
src.c:(.text+0x2d): undefined reference to `pthread_create'
src.c:(.text+0x39): undefined reference to `pthread_detach'
src.c:(.text+0x45): undefined reference to `pthread_cancel'
src.c:(.text+0x56): undefined reference to `pthread_join'
collect2: error: ld returned 1 exit status
gmake[1]: *** [CMakeFiles/cmTC_26f1e.dir/build.make:99: cmTC_26f1e] Error 1
gmake[1]: Leaving directory '/jet/home/cstiver/hw1/csci4110/hw1/build/CMakeFiles/CMakeTmp'
gmake: *** [Makefile:127: cmTC_26f1e/fast] Error 2


Source file was:
#include <pthread.h>

static void* test_func(void* data)
{
  return data;
}

int main(void)
{
  pthread_t thread;
  pthread_create(&thread, NULL, test_func, NULL);
  pthread_detach(thread);
  pthread_cancel(thread);
  pthread_join(thread, NULL);
  pthread_atfork(NULL, NULL, NULL);
  pthread_exit(NULL);

  return 0;
}

Determining if the function pthread_create exists in the pthreads failed with the following output:
Change Dir: /jet/home/cstiver/hw1/csci4110/hw1/build/CMakeFiles/CMakeTmp

Run Build Command(s):/usr/bin/gmake -f Makefile cmTC_0b356/fast && /usr/bin/gmake  -f CMakeFiles/cmTC_0b356.dir/build.make CMakeFiles/cmTC_0b356.dir/build
gmake[1]: Entering directory '/jet/home/cstiver/hw1/csci4110/hw1/build/CMakeFiles/CMakeTmp'
Building C object CMakeFiles/cmTC_0b356.dir/CheckFunctionExists.c.o
/usr/bin/cc   -DCHECK_FUNCTION_EXISTS=pthread_create -o CMakeFiles/cmTC_0b356.dir/CheckFunctionExists.c.o -c /usr/share/cmake/Modules/CheckFunctionExists.c
Linking C executable cmTC_0b356
/usr/bin/cmake -E cmake_link_script CMakeFiles/cmTC_0b356.dir/link.txt --verbose=1
/usr/bin/cc  -DCHECK_FUNCTION_EXISTS=pthread_create CMakeFiles/cmTC_0b356.dir/CheckFunctionExists.c.o -o cmTC_0b356  -lpthreads 
/usr/bin/ld: cannot find -lpthreads
collect2: error: ld returned 1 exit status
gmake[1]: *** [CMakeFiles/cmTC_0b356.dir/build.make:99: cmTC_0b356] Error 1
gmake[1]: Leaving directory '/jet/home/cstiver/hw1/csci4110/hw1/build/CMakeFiles/CMakeTmp'
gmake: *** [Makefile:127: cmTC_0b356/fast] Error 2



